Config file configs/analysis.yml is extended by additional config specified via the command line.
Building DAG of jobs...
Using shell: /usr/bin/bash
Provided cluster nodes: 15
Job stats:
job                        count
-----------------------  -------
extract_locus                  1
harmonize_with_refpanel        2
total                          3

Resources before job selection: {'_cores': 9223372036854775807, '_nodes': 15}
Ready jobs (2)
Select jobs to execute...
Selected jobs (2)
Resources after job selection: {'_cores': 9223372036854775805, '_nodes': 13}

[Thu Apr 23 17:40:51 2026]
rule extract_locus:
    input: inputs/Asian.tsv, inputs/loci.txt, resources/refpanel/g1000_eas.bed, resources/refpanel/g1000_eas.bim, resources/refpanel/g1000_eas.fam
    output: results/asian/01_extract/ARID3A/extracted.tsv, results/asian/01_extract/ARID3A/diagnostics.json, results/asian/01_extract/ARID3A/refpanel.bed, results/asian/01_extract/ARID3A/refpanel.bim, results/asian/01_extract/ARID3A/refpanel.fam, results/asian/01_extract/ARID3A/refpanel.afreq, results/asian/01_extract/ARID3A/refpanel_diagnostics.json, results/asian/01_extract/ARID3A/refpanel_extract.done, results/asian/01_extract/ARID3A/extract.done
    log: results/log/00_extract_asian_ARID3A.log
    jobid: 5
    reason: Missing output files: results/asian/01_extract/ARID3A/refpanel.bim, results/asian/01_extract/ARID3A/extracted.tsv
    wildcards: target=asian, locus=ARID3A
    resources: mem_mb=32000, mem_mib=30518, disk_mb=7454, disk_mib=7109, tmpdir=<TBD>, time=00:30:00, cores=2


        python scripts/extract_loci.py           --gwas inputs/Asian.tsv           --loci inputs/loci.txt           --locus ARID3A           --out-tsv results/asian/01_extract/ARID3A/extracted.tsv           --diag-json results/asian/01_extract/ARID3A/diagnostics.json           --done-file results/asian/01_extract/ARID3A/extract.done                     > results/log/00_extract_asian_ARID3A.log 2>&1

                module load plink2/2.00a3.3lm
                python scripts/extract_refpanel_locus.py                     --ref-prefix resources/refpanel/g1000_eas                     --loci inputs/loci.txt                     --locus ARID3A                     --out-prefix results/asian/01_extract/ARID3A/refpanel                     --diag-json results/asian/01_extract/ARID3A/refpanel_diagnostics.json                     --done-file results/asian/01_extract/ARID3A/refpanel_extract.done                     >> results/log/00_extract_asian_ARID3A.log 2>&1
        
Jobscript:
#!/bin/sh
# properties = {"type": "single", "rule": "extract_locus", "local": false, "input": ["inputs/Asian.tsv", "inputs/loci.txt", "resources/refpanel/g1000_eas.bed", "resources/refpanel/g1000_eas.bim", "resources/refpanel/g1000_eas.fam"], "output": ["results/asian/01_extract/ARID3A/extracted.tsv", "results/asian/01_extract/ARID3A/diagnostics.json", "results/asian/01_extract/ARID3A/refpanel.bed", "results/asian/01_extract/ARID3A/refpanel.bim", "results/asian/01_extract/ARID3A/refpanel.fam", "results/asian/01_extract/ARID3A/refpanel.afreq", "results/asian/01_extract/ARID3A/refpanel_diagnostics.json", "results/asian/01_extract/ARID3A/refpanel_extract.done", "results/asian/01_extract/ARID3A/extract.done"], "wildcards": {"target": "asian", "locus": "ARID3A"}, "params": {"locus": "ARID3A", "ref_prefix": "resources/refpanel/g1000_eas", "out_ref_prefix": "results/asian/01_extract/ARID3A/refpanel"}, "log": ["results/log/00_extract_asian_ARID3A.log"], "threads": 1, "resources": {"mem_mb": 32000, "mem_mib": 30518, "disk_mb": 7454, "disk_mib": 7109, "tmpdir": "<TBD>", "time": "00:30:00", "cores": 2}, "jobid": 5, "cluster": {}}
cd /s/nath-lab/alsamman/____MyCodes____/4FinemapSnake && /usr/local/analysis/python/3.10/bin/python3.10 -m snakemake --snakefile '/s/nath-lab/alsamman/____MyCodes____/4FinemapSnake/Snakefile' --target-jobs 'extract_locus:target=asian,locus=ARID3A' --allowed-rules 'extract_locus' --cores 'all' --attempt 1 --force-use-threads  --resources 'mem_mb=32000' 'mem_mib=30518' 'disk_mb=7454' 'disk_mib=7109' 'cores=2' --wait-for-files '/s/nath-lab/alsamman/____MyCodes____/4FinemapSnake/.snakemake/tmp.qpfou_zh' 'inputs/Asian.tsv' 'inputs/loci.txt' 'resources/refpanel/g1000_eas.bed' 'resources/refpanel/g1000_eas.bim' 'resources/refpanel/g1000_eas.fam' --force --keep-target-files --keep-remote --max-inventory-time 0 --nocolor --notemp --no-hooks --nolock --ignore-incomplete --rerun-triggers 'mtime' 'params' 'input' 'code' 'software-env' --skip-script-cleanup  --conda-frontend 'mamba' --drop-metadata  --wrapper-prefix 'https://github.com/snakemake/snakemake-wrappers/raw/' --configfiles '/s/nath-lab/alsamman/____MyCodes____/4FinemapSnake/configs/analysis.yml' --printshellcmds  --latency-wait 120 --scheduler 'greedy' --scheduler-solver-path '/usr/local/analysis/python/3.10/bin' --default-resources 'mem_mb=max(2*input.size_mb, 1000)' 'disk_mb=max(2*input.size_mb, 1000)' 'tmpdir=system_tmpdir' --mode 2 && touch '/s/nath-lab/alsamman/____MyCodes____/4FinemapSnake/.snakemake/tmp.qpfou_zh/5.jobfinished' || (touch '/s/nath-lab/alsamman/____MyCodes____/4FinemapSnake/.snakemake/tmp.qpfou_zh/5.jobfailed'; exit 1)

Submitted job 5 with external jobid 'Submitted batch job 4745776'.

[Thu Apr 23 17:40:52 2026]
rule harmonize_with_refpanel:
    input: results/disc/01_extract/ARID3A/extracted.tsv, results/disc/01_extract/ARID3A/refpanel.bim
    output: results/disc/02_harmonize/ARID3A/harmonized.tsv, results/disc/02_harmonize/ARID3A/diagnostics.json, results/disc/02_harmonize/ARID3A/harmonize.done
    log: results/log/01_harmonize_disc_ARID3A.log
    jobid: 13
    reason: Forced execution
    wildcards: target=disc, locus=ARID3A
    resources: mem_mb=32000, mem_mib=30518, disk_mb=1000, disk_mib=954, tmpdir=<TBD>, time=00:30:00, cores=2


        python scripts/harmonize_gwas.py           --gwas results/disc/01_extract/ARID3A/extracted.tsv           --ref-prefix results/disc/01_extract/ARID3A/refpanel           --out-tsv results/disc/02_harmonize/ARID3A/harmonized.tsv           --diag-json results/disc/02_harmonize/ARID3A/diagnostics.json           --done-file results/disc/02_harmonize/ARID3A/harmonize.done           > results/log/01_harmonize_disc_ARID3A.log 2>&1
        
Jobscript:
#!/bin/sh
# properties = {"type": "single", "rule": "harmonize_with_refpanel", "local": false, "input": ["results/disc/01_extract/ARID3A/extracted.tsv", "results/disc/01_extract/ARID3A/refpanel.bim"], "output": ["results/disc/02_harmonize/ARID3A/harmonized.tsv", "results/disc/02_harmonize/ARID3A/diagnostics.json", "results/disc/02_harmonize/ARID3A/harmonize.done"], "wildcards": {"target": "disc", "locus": "ARID3A"}, "params": {"ref_prefix": "results/disc/01_extract/ARID3A/refpanel"}, "log": ["results/log/01_harmonize_disc_ARID3A.log"], "threads": 1, "resources": {"mem_mb": 32000, "mem_mib": 30518, "disk_mb": 1000, "disk_mib": 954, "tmpdir": "<TBD>", "time": "00:30:00", "cores": 2}, "jobid": 13, "cluster": {}}
cd /s/nath-lab/alsamman/____MyCodes____/4FinemapSnake && /usr/local/analysis/python/3.10/bin/python3.10 -m snakemake --snakefile '/s/nath-lab/alsamman/____MyCodes____/4FinemapSnake/Snakefile' --target-jobs 'harmonize_with_refpanel:target=disc,locus=ARID3A' --allowed-rules 'harmonize_with_refpanel' --cores 'all' --attempt 1 --force-use-threads  --resources 'mem_mb=32000' 'mem_mib=30518' 'disk_mb=1000' 'disk_mib=954' 'cores=2' --wait-for-files '/s/nath-lab/alsamman/____MyCodes____/4FinemapSnake/.snakemake/tmp.qpfou_zh' 'results/disc/01_extract/ARID3A/extracted.tsv' 'results/disc/01_extract/ARID3A/refpanel.bim' --force --keep-target-files --keep-remote --max-inventory-time 0 --nocolor --notemp --no-hooks --nolock --ignore-incomplete --rerun-triggers 'mtime' 'params' 'input' 'code' 'software-env' --skip-script-cleanup  --conda-frontend 'mamba' --drop-metadata  --wrapper-prefix 'https://github.com/snakemake/snakemake-wrappers/raw/' --configfiles '/s/nath-lab/alsamman/____MyCodes____/4FinemapSnake/configs/analysis.yml' --printshellcmds  --latency-wait 120 --scheduler 'greedy' --scheduler-solver-path '/usr/local/analysis/python/3.10/bin' --default-resources 'mem_mb=max(2*input.size_mb, 1000)' 'disk_mb=max(2*input.size_mb, 1000)' 'tmpdir=system_tmpdir' --mode 2 && touch '/s/nath-lab/alsamman/____MyCodes____/4FinemapSnake/.snakemake/tmp.qpfou_zh/13.jobfinished' || (touch '/s/nath-lab/alsamman/____MyCodes____/4FinemapSnake/.snakemake/tmp.qpfou_zh/13.jobfailed'; exit 1)

Submitted job 13 with external jobid 'Submitted batch job 4745777'.
[Thu Apr 23 17:41:02 2026]
Finished job 13.
1 of 20 steps (5%) done
[Thu Apr 23 17:43:03 2026]
Finished job 5.
2 of 20 steps (10%) done
Resources before job selection: {'_cores': 9223372036854775807, '_nodes': 15}
Ready jobs (1)
Select jobs to execute...
Selected jobs (1)
Resources after job selection: {'_cores': 9223372036854775806, '_nodes': 14}

[Thu Apr 23 17:43:03 2026]
rule harmonize_with_refpanel:
    input: results/asian/01_extract/ARID3A/extracted.tsv, results/asian/01_extract/ARID3A/refpanel.bim
    output: results/asian/02_harmonize/ARID3A/harmonized.tsv, results/asian/02_harmonize/ARID3A/diagnostics.json, results/asian/02_harmonize/ARID3A/harmonize.done
    log: results/log/01_harmonize_asian_ARID3A.log
    jobid: 4
    reason: Forced execution
    wildcards: target=asian, locus=ARID3A
    resources: mem_mb=32000, mem_mib=30518, disk_mb=1000, disk_mib=954, tmpdir=<TBD>, time=00:30:00, cores=2


        python scripts/harmonize_gwas.py           --gwas results/asian/01_extract/ARID3A/extracted.tsv           --ref-prefix results/asian/01_extract/ARID3A/refpanel           --out-tsv results/asian/02_harmonize/ARID3A/harmonized.tsv           --diag-json results/asian/02_harmonize/ARID3A/diagnostics.json           --done-file results/asian/02_harmonize/ARID3A/harmonize.done           > results/log/01_harmonize_asian_ARID3A.log 2>&1
        
Jobscript:
#!/bin/sh
# properties = {"type": "single", "rule": "harmonize_with_refpanel", "local": false, "input": ["results/asian/01_extract/ARID3A/extracted.tsv", "results/asian/01_extract/ARID3A/refpanel.bim"], "output": ["results/asian/02_harmonize/ARID3A/harmonized.tsv", "results/asian/02_harmonize/ARID3A/diagnostics.json", "results/asian/02_harmonize/ARID3A/harmonize.done"], "wildcards": {"target": "asian", "locus": "ARID3A"}, "params": {"ref_prefix": "results/asian/01_extract/ARID3A/refpanel"}, "log": ["results/log/01_harmonize_asian_ARID3A.log"], "threads": 1, "resources": {"mem_mb": 32000, "mem_mib": 30518, "disk_mb": 1000, "disk_mib": 954, "tmpdir": "<TBD>", "time": "00:30:00", "cores": 2}, "jobid": 4, "cluster": {}}
cd /s/nath-lab/alsamman/____MyCodes____/4FinemapSnake && /usr/local/analysis/python/3.10/bin/python3.10 -m snakemake --snakefile '/s/nath-lab/alsamman/____MyCodes____/4FinemapSnake/Snakefile' --target-jobs 'harmonize_with_refpanel:target=asian,locus=ARID3A' --allowed-rules 'harmonize_with_refpanel' --cores 'all' --attempt 1 --force-use-threads  --resources 'mem_mb=32000' 'mem_mib=30518' 'disk_mb=1000' 'disk_mib=954' 'cores=2' --wait-for-files '/s/nath-lab/alsamman/____MyCodes____/4FinemapSnake/.snakemake/tmp.qpfou_zh' 'results/asian/01_extract/ARID3A/extracted.tsv' 'results/asian/01_extract/ARID3A/refpanel.bim' --force --keep-target-files --keep-remote --max-inventory-time 0 --nocolor --notemp --no-hooks --nolock --ignore-incomplete --rerun-triggers 'mtime' 'params' 'input' 'code' 'software-env' --skip-script-cleanup  --conda-frontend 'mamba' --drop-metadata  --wrapper-prefix 'https://github.com/snakemake/snakemake-wrappers/raw/' --configfiles '/s/nath-lab/alsamman/____MyCodes____/4FinemapSnake/configs/analysis.yml' --printshellcmds  --latency-wait 120 --scheduler 'greedy' --scheduler-solver-path '/usr/local/analysis/python/3.10/bin' --default-resources 'mem_mb=max(2*input.size_mb, 1000)' 'disk_mb=max(2*input.size_mb, 1000)' 'tmpdir=system_tmpdir' --mode 2 && touch '/s/nath-lab/alsamman/____MyCodes____/4FinemapSnake/.snakemake/tmp.qpfou_zh/4.jobfinished' || (touch '/s/nath-lab/alsamman/____MyCodes____/4FinemapSnake/.snakemake/tmp.qpfou_zh/4.jobfailed'; exit 1)

Submitted job 4 with external jobid 'Submitted batch job 4745778'.
Waiting at most 120 seconds for missing files.
[Thu Apr 23 17:44:01 2026]
Finished job 4.
3 of 20 steps (15%) done
Complete log: .snakemake/log/2026-04-23T174048.785164.snakemake.log
unlocking
removing lock
removing lock
removed all locks
