Config file configs/analysis.yml is extended by additional config specified via the command line.
Building DAG of jobs...
Using shell: /usr/bin/bash
Provided cluster nodes: 15
Job stats:
job                    count
-------------------  -------
all                        1
build_ld_matrix            2
export_summary             2
ldscore_diagnostics        2
qc_fix_ld_matrix           2
run_cojo_iterative         2
run_finemap                2
run_susier                 2
total                     15

Resources before job selection: {'_cores': 9223372036854775807, '_nodes': 15}
Ready jobs (2)
Select jobs to execute...
Selected jobs (2)
Resources after job selection: {'_cores': 9223372036854775805, '_nodes': 13}

[Thu Apr 23 20:14:51 2026]
rule build_ld_matrix:
    input: results/disc/03_match/ARID3A/matched.tsv, results/disc/03_match/ARID3A/refpanel_matched.bim
    output: results/disc/05_ld_matrix/ARID3A/ld_matrix.tsv, results/disc/05_ld_matrix/ARID3A/diagnostics.json, results/disc/05_ld_matrix/ARID3A/ld_matrix.done
    log: results/log/04_ld_matrix_disc_ARID3A.log
    jobid: 16
    reason: Set of input files has changed since last execution; Code has changed since last execution
    wildcards: target=disc, locus=ARID3A
    resources: mem_mb=32000, mem_mib=30518, disk_mb=1000, disk_mib=954, tmpdir=<TBD>, time=00:30:00, cores=2


        python scripts/build_ld_matrix.py           --input-tsv results/disc/03_match/ARID3A/matched.tsv                     --ref-bim results/disc/03_match/ARID3A/refpanel_matched.bim           --out-matrix results/disc/05_ld_matrix/ARID3A/ld_matrix.tsv           --diag-json results/disc/05_ld_matrix/ARID3A/diagnostics.json           --done-file results/disc/05_ld_matrix/ARID3A/ld_matrix.done           > results/log/04_ld_matrix_disc_ARID3A.log 2>&1
        
Jobscript:
#!/bin/sh
# properties = {"type": "single", "rule": "build_ld_matrix", "local": false, "input": ["results/disc/03_match/ARID3A/matched.tsv", "results/disc/03_match/ARID3A/refpanel_matched.bim"], "output": ["results/disc/05_ld_matrix/ARID3A/ld_matrix.tsv", "results/disc/05_ld_matrix/ARID3A/diagnostics.json", "results/disc/05_ld_matrix/ARID3A/ld_matrix.done"], "wildcards": {"target": "disc", "locus": "ARID3A"}, "params": {}, "log": ["results/log/04_ld_matrix_disc_ARID3A.log"], "threads": 1, "resources": {"mem_mb": 32000, "mem_mib": 30518, "disk_mb": 1000, "disk_mib": 954, "tmpdir": "<TBD>", "time": "00:30:00", "cores": 2}, "jobid": 16, "cluster": {}}
cd /s/nath-lab/alsamman/____MyCodes____/4FinemapSnake && /usr/local/analysis/python/3.10/bin/python3.10 -m snakemake --snakefile '/s/nath-lab/alsamman/____MyCodes____/4FinemapSnake/Snakefile' --target-jobs 'build_ld_matrix:target=disc,locus=ARID3A' --allowed-rules 'build_ld_matrix' --cores 'all' --attempt 1 --force-use-threads  --resources 'mem_mb=32000' 'mem_mib=30518' 'disk_mb=1000' 'disk_mib=954' 'cores=2' --wait-for-files '/s/nath-lab/alsamman/____MyCodes____/4FinemapSnake/.snakemake/tmp.l3egrejh' 'results/disc/03_match/ARID3A/matched.tsv' 'results/disc/03_match/ARID3A/refpanel_matched.bim' --force --keep-target-files --keep-remote --max-inventory-time 0 --nocolor --notemp --no-hooks --nolock --ignore-incomplete --rerun-triggers 'software-env' 'mtime' 'code' 'params' 'input' --skip-script-cleanup  --conda-frontend 'mamba' --drop-metadata  --wrapper-prefix 'https://github.com/snakemake/snakemake-wrappers/raw/' --configfiles '/s/nath-lab/alsamman/____MyCodes____/4FinemapSnake/configs/analysis.yml' --printshellcmds  --latency-wait 120 --scheduler 'greedy' --scheduler-solver-path '/usr/local/analysis/python/3.10/bin' --default-resources 'mem_mb=max(2*input.size_mb, 1000)' 'disk_mb=max(2*input.size_mb, 1000)' 'tmpdir=system_tmpdir' --mode 2 && touch '/s/nath-lab/alsamman/____MyCodes____/4FinemapSnake/.snakemake/tmp.l3egrejh/16.jobfinished' || (touch '/s/nath-lab/alsamman/____MyCodes____/4FinemapSnake/.snakemake/tmp.l3egrejh/16.jobfailed'; exit 1)

Submitted job 16 with external jobid 'Submitted batch job 4745975'.

[Thu Apr 23 20:14:52 2026]
rule build_ld_matrix:
    input: results/asian/03_match/ARID3A/matched.tsv, results/asian/03_match/ARID3A/refpanel_matched.bim
    output: results/asian/05_ld_matrix/ARID3A/ld_matrix.tsv, results/asian/05_ld_matrix/ARID3A/diagnostics.json, results/asian/05_ld_matrix/ARID3A/ld_matrix.done
    log: results/log/04_ld_matrix_asian_ARID3A.log
    jobid: 7
    reason: Set of input files has changed since last execution; Code has changed since last execution
    wildcards: target=asian, locus=ARID3A
    resources: mem_mb=32000, mem_mib=30518, disk_mb=1000, disk_mib=954, tmpdir=<TBD>, time=00:30:00, cores=2


        python scripts/build_ld_matrix.py           --input-tsv results/asian/03_match/ARID3A/matched.tsv                     --ref-bim results/asian/03_match/ARID3A/refpanel_matched.bim           --out-matrix results/asian/05_ld_matrix/ARID3A/ld_matrix.tsv           --diag-json results/asian/05_ld_matrix/ARID3A/diagnostics.json           --done-file results/asian/05_ld_matrix/ARID3A/ld_matrix.done           > results/log/04_ld_matrix_asian_ARID3A.log 2>&1
        
Jobscript:
#!/bin/sh
# properties = {"type": "single", "rule": "build_ld_matrix", "local": false, "input": ["results/asian/03_match/ARID3A/matched.tsv", "results/asian/03_match/ARID3A/refpanel_matched.bim"], "output": ["results/asian/05_ld_matrix/ARID3A/ld_matrix.tsv", "results/asian/05_ld_matrix/ARID3A/diagnostics.json", "results/asian/05_ld_matrix/ARID3A/ld_matrix.done"], "wildcards": {"target": "asian", "locus": "ARID3A"}, "params": {}, "log": ["results/log/04_ld_matrix_asian_ARID3A.log"], "threads": 1, "resources": {"mem_mb": 32000, "mem_mib": 30518, "disk_mb": 1000, "disk_mib": 954, "tmpdir": "<TBD>", "time": "00:30:00", "cores": 2}, "jobid": 7, "cluster": {}}
cd /s/nath-lab/alsamman/____MyCodes____/4FinemapSnake && /usr/local/analysis/python/3.10/bin/python3.10 -m snakemake --snakefile '/s/nath-lab/alsamman/____MyCodes____/4FinemapSnake/Snakefile' --target-jobs 'build_ld_matrix:target=asian,locus=ARID3A' --allowed-rules 'build_ld_matrix' --cores 'all' --attempt 1 --force-use-threads  --resources 'mem_mb=32000' 'mem_mib=30518' 'disk_mb=1000' 'disk_mib=954' 'cores=2' --wait-for-files '/s/nath-lab/alsamman/____MyCodes____/4FinemapSnake/.snakemake/tmp.l3egrejh' 'results/asian/03_match/ARID3A/matched.tsv' 'results/asian/03_match/ARID3A/refpanel_matched.bim' --force --keep-target-files --keep-remote --max-inventory-time 0 --nocolor --notemp --no-hooks --nolock --ignore-incomplete --rerun-triggers 'software-env' 'mtime' 'code' 'params' 'input' --skip-script-cleanup  --conda-frontend 'mamba' --drop-metadata  --wrapper-prefix 'https://github.com/snakemake/snakemake-wrappers/raw/' --configfiles '/s/nath-lab/alsamman/____MyCodes____/4FinemapSnake/configs/analysis.yml' --printshellcmds  --latency-wait 120 --scheduler 'greedy' --scheduler-solver-path '/usr/local/analysis/python/3.10/bin' --default-resources 'mem_mb=max(2*input.size_mb, 1000)' 'disk_mb=max(2*input.size_mb, 1000)' 'tmpdir=system_tmpdir' --mode 2 && touch '/s/nath-lab/alsamman/____MyCodes____/4FinemapSnake/.snakemake/tmp.l3egrejh/7.jobfinished' || (touch '/s/nath-lab/alsamman/____MyCodes____/4FinemapSnake/.snakemake/tmp.l3egrejh/7.jobfailed'; exit 1)

Submitted job 7 with external jobid 'Submitted batch job 4745976'.
[Thu Apr 23 20:15:23 2026]
Finished job 16.
1 of 15 steps (7%) done
[Thu Apr 23 20:15:24 2026]
Finished job 7.
2 of 15 steps (13%) done
Complete log: .snakemake/log/2026-04-23T201449.469582.snakemake.log
unlocking
removing lock
removing lock
removed all locks
