Config file configs/analysis.yml is extended by additional config specified via the command line.
Building DAG of jobs...
Using shell: /usr/bin/bash
Provided cluster nodes: 15
Job stats:
job                        count
-----------------------  -------
all                            1
build_ld_matrix                2
export_summary                 2
filter_and_match_snps          2
harmonize_with_refpanel        2
qc_fix_ld_matrix               2
run_cojo_iterative             2
run_finemap                    2
run_susier                     2
total                         17

Resources before job selection: {'_cores': 9223372036854775807, '_nodes': 15}
Ready jobs (2)
Select jobs to execute...
Selected jobs (2)
Resources after job selection: {'_cores': 9223372036854775805, '_nodes': 13}

[Thu Apr 23 00:37:35 2026]
rule harmonize_with_refpanel:
    input: results/asian/01_extract/ARID3A/extracted.tsv, resources/refpanel/g1000_eas.bim
    output: results/asian/02_harmonize/ARID3A/harmonized.tsv, results/asian/02_harmonize/ARID3A/diagnostics.json, results/asian/02_harmonize/ARID3A/harmonize.done
    log: results/log/01_harmonize_asian_ARID3A.log
    jobid: 4
    reason: Missing output files: results/asian/02_harmonize/ARID3A/harmonized.tsv
    wildcards: target=asian, locus=ARID3A
    resources: mem_mb=32000, mem_mib=30518, disk_mb=1238, disk_mib=1181, tmpdir=<TBD>, time=00:30:00, cores=2


        python scripts/harmonize_gwas.py           --gwas results/asian/01_extract/ARID3A/extracted.tsv           --ref-prefix resources/refpanel/g1000_eas           --out-tsv results/asian/02_harmonize/ARID3A/harmonized.tsv           --diag-json results/asian/02_harmonize/ARID3A/diagnostics.json           --done-file results/asian/02_harmonize/ARID3A/harmonize.done           > results/log/01_harmonize_asian_ARID3A.log 2>&1
        
Jobscript:
#!/bin/sh
# properties = {"type": "single", "rule": "harmonize_with_refpanel", "local": false, "input": ["results/asian/01_extract/ARID3A/extracted.tsv", "resources/refpanel/g1000_eas.bim"], "output": ["results/asian/02_harmonize/ARID3A/harmonized.tsv", "results/asian/02_harmonize/ARID3A/diagnostics.json", "results/asian/02_harmonize/ARID3A/harmonize.done"], "wildcards": {"target": "asian", "locus": "ARID3A"}, "params": {"ref_prefix": "resources/refpanel/g1000_eas"}, "log": ["results/log/01_harmonize_asian_ARID3A.log"], "threads": 1, "resources": {"mem_mb": 32000, "mem_mib": 30518, "disk_mb": 1238, "disk_mib": 1181, "tmpdir": "<TBD>", "time": "00:30:00", "cores": 2}, "jobid": 4, "cluster": {}}
cd /s/nath-lab/alsamman/____MyCodes____/4FinemapSnake && /usr/local/analysis/python/3.10/bin/python3.10 -m snakemake --snakefile '/s/nath-lab/alsamman/____MyCodes____/4FinemapSnake/Snakefile' --target-jobs 'harmonize_with_refpanel:target=asian,locus=ARID3A' --allowed-rules 'harmonize_with_refpanel' --cores 'all' --attempt 1 --force-use-threads  --resources 'mem_mb=32000' 'mem_mib=30518' 'disk_mb=1238' 'disk_mib=1181' 'cores=2' --wait-for-files '/s/nath-lab/alsamman/____MyCodes____/4FinemapSnake/.snakemake/tmp._2c6m7u9' 'results/asian/01_extract/ARID3A/extracted.tsv' 'resources/refpanel/g1000_eas.bim' --force --keep-target-files --keep-remote --max-inventory-time 0 --nocolor --notemp --no-hooks --nolock --ignore-incomplete --rerun-triggers 'software-env' 'mtime' 'params' 'input' 'code' --skip-script-cleanup  --conda-frontend 'mamba' --drop-metadata  --wrapper-prefix 'https://github.com/snakemake/snakemake-wrappers/raw/' --configfiles '/s/nath-lab/alsamman/____MyCodes____/4FinemapSnake/configs/analysis.yml' --printshellcmds  --latency-wait 120 --scheduler 'greedy' --scheduler-solver-path '/usr/local/analysis/python/3.10/bin' --default-resources 'mem_mb=max(2*input.size_mb, 1000)' 'disk_mb=max(2*input.size_mb, 1000)' 'tmpdir=system_tmpdir' --mode 2 && touch '/s/nath-lab/alsamman/____MyCodes____/4FinemapSnake/.snakemake/tmp._2c6m7u9/4.jobfinished' || (touch '/s/nath-lab/alsamman/____MyCodes____/4FinemapSnake/.snakemake/tmp._2c6m7u9/4.jobfailed'; exit 1)

Submitted job 4 with external jobid 'Submitted batch job 4745439'.

[Thu Apr 23 00:37:35 2026]
rule harmonize_with_refpanel:
    input: results/disc/01_extract/ARID3A/extracted.tsv, resources/refpanel/g1000_eas.bim
    output: results/disc/02_harmonize/ARID3A/harmonized.tsv, results/disc/02_harmonize/ARID3A/diagnostics.json, results/disc/02_harmonize/ARID3A/harmonize.done
    log: results/log/01_harmonize_disc_ARID3A.log
    jobid: 13
    reason: Missing output files: results/disc/02_harmonize/ARID3A/harmonized.tsv
    wildcards: target=disc, locus=ARID3A
    resources: mem_mb=32000, mem_mib=30518, disk_mb=1238, disk_mib=1181, tmpdir=<TBD>, time=00:30:00, cores=2


        python scripts/harmonize_gwas.py           --gwas results/disc/01_extract/ARID3A/extracted.tsv           --ref-prefix resources/refpanel/g1000_eas           --out-tsv results/disc/02_harmonize/ARID3A/harmonized.tsv           --diag-json results/disc/02_harmonize/ARID3A/diagnostics.json           --done-file results/disc/02_harmonize/ARID3A/harmonize.done           > results/log/01_harmonize_disc_ARID3A.log 2>&1
        
Jobscript:
#!/bin/sh
# properties = {"type": "single", "rule": "harmonize_with_refpanel", "local": false, "input": ["results/disc/01_extract/ARID3A/extracted.tsv", "resources/refpanel/g1000_eas.bim"], "output": ["results/disc/02_harmonize/ARID3A/harmonized.tsv", "results/disc/02_harmonize/ARID3A/diagnostics.json", "results/disc/02_harmonize/ARID3A/harmonize.done"], "wildcards": {"target": "disc", "locus": "ARID3A"}, "params": {"ref_prefix": "resources/refpanel/g1000_eas"}, "log": ["results/log/01_harmonize_disc_ARID3A.log"], "threads": 1, "resources": {"mem_mb": 32000, "mem_mib": 30518, "disk_mb": 1238, "disk_mib": 1181, "tmpdir": "<TBD>", "time": "00:30:00", "cores": 2}, "jobid": 13, "cluster": {}}
cd /s/nath-lab/alsamman/____MyCodes____/4FinemapSnake && /usr/local/analysis/python/3.10/bin/python3.10 -m snakemake --snakefile '/s/nath-lab/alsamman/____MyCodes____/4FinemapSnake/Snakefile' --target-jobs 'harmonize_with_refpanel:target=disc,locus=ARID3A' --allowed-rules 'harmonize_with_refpanel' --cores 'all' --attempt 1 --force-use-threads  --resources 'mem_mb=32000' 'mem_mib=30518' 'disk_mb=1238' 'disk_mib=1181' 'cores=2' --wait-for-files '/s/nath-lab/alsamman/____MyCodes____/4FinemapSnake/.snakemake/tmp._2c6m7u9' 'results/disc/01_extract/ARID3A/extracted.tsv' 'resources/refpanel/g1000_eas.bim' --force --keep-target-files --keep-remote --max-inventory-time 0 --nocolor --notemp --no-hooks --nolock --ignore-incomplete --rerun-triggers 'software-env' 'mtime' 'params' 'input' 'code' --skip-script-cleanup  --conda-frontend 'mamba' --drop-metadata  --wrapper-prefix 'https://github.com/snakemake/snakemake-wrappers/raw/' --configfiles '/s/nath-lab/alsamman/____MyCodes____/4FinemapSnake/configs/analysis.yml' --printshellcmds  --latency-wait 120 --scheduler 'greedy' --scheduler-solver-path '/usr/local/analysis/python/3.10/bin' --default-resources 'mem_mb=max(2*input.size_mb, 1000)' 'disk_mb=max(2*input.size_mb, 1000)' 'tmpdir=system_tmpdir' --mode 2 && touch '/s/nath-lab/alsamman/____MyCodes____/4FinemapSnake/.snakemake/tmp._2c6m7u9/13.jobfinished' || (touch '/s/nath-lab/alsamman/____MyCodes____/4FinemapSnake/.snakemake/tmp._2c6m7u9/13.jobfailed'; exit 1)

Submitted job 13 with external jobid 'Submitted batch job 4745440'.
[Thu Apr 23 00:38:36 2026]
Error in rule harmonize_with_refpanel:
    jobid: 4
    input: results/asian/01_extract/ARID3A/extracted.tsv, resources/refpanel/g1000_eas.bim
    output: results/asian/02_harmonize/ARID3A/harmonized.tsv, results/asian/02_harmonize/ARID3A/diagnostics.json, results/asian/02_harmonize/ARID3A/harmonize.done
    log: results/log/01_harmonize_asian_ARID3A.log (check log file(s) for error details)
    shell:
        
        python scripts/harmonize_gwas.py           --gwas results/asian/01_extract/ARID3A/extracted.tsv           --ref-prefix resources/refpanel/g1000_eas           --out-tsv results/asian/02_harmonize/ARID3A/harmonized.tsv           --diag-json results/asian/02_harmonize/ARID3A/diagnostics.json           --done-file results/asian/02_harmonize/ARID3A/harmonize.done           > results/log/01_harmonize_asian_ARID3A.log 2>&1
        
        (one of the commands exited with non-zero exit code; note that snakemake uses bash strict mode!)
    cluster_jobid: Submitted batch job 4745439

Error executing rule harmonize_with_refpanel on cluster (jobid: 4, external: Submitted batch job 4745439, jobscript: /s/nath-lab/alsamman/____MyCodes____/4FinemapSnake/.snakemake/tmp._2c6m7u9/snakejob.harmonize_with_refpanel.4.sh). For error details see the cluster log and the log files of the involved rule(s).
Cleanup job metadata.
[Thu Apr 23 00:38:36 2026]
Error in rule harmonize_with_refpanel:
    jobid: 13
    input: results/disc/01_extract/ARID3A/extracted.tsv, resources/refpanel/g1000_eas.bim
    output: results/disc/02_harmonize/ARID3A/harmonized.tsv, results/disc/02_harmonize/ARID3A/diagnostics.json, results/disc/02_harmonize/ARID3A/harmonize.done
    log: results/log/01_harmonize_disc_ARID3A.log (check log file(s) for error details)
    shell:
        
        python scripts/harmonize_gwas.py           --gwas results/disc/01_extract/ARID3A/extracted.tsv           --ref-prefix resources/refpanel/g1000_eas           --out-tsv results/disc/02_harmonize/ARID3A/harmonized.tsv           --diag-json results/disc/02_harmonize/ARID3A/diagnostics.json           --done-file results/disc/02_harmonize/ARID3A/harmonize.done           > results/log/01_harmonize_disc_ARID3A.log 2>&1
        
        (one of the commands exited with non-zero exit code; note that snakemake uses bash strict mode!)
    cluster_jobid: Submitted batch job 4745440

Error executing rule harmonize_with_refpanel on cluster (jobid: 13, external: Submitted batch job 4745440, jobscript: /s/nath-lab/alsamman/____MyCodes____/4FinemapSnake/.snakemake/tmp._2c6m7u9/snakejob.harmonize_with_refpanel.13.sh). For error details see the cluster log and the log files of the involved rule(s).
Cleanup failed jobs output files.
Cleanup job metadata.
Cleanup failed jobs output files.
Exiting because a job execution failed. Look above for error message
Complete log: .snakemake/log/2026-04-23T003729.932151.snakemake.log
unlocking
removing lock
removing lock
removed all locks
