Building DAG of jobs...
Using shell: /usr/bin/bash
Provided cores: 1 (use --cores to define parallelism)
Rules claiming more threads will be scaled down.
Job stats:
job                        count
-----------------------  -------
extract_locus                  1
harmonize_with_refpanel        2
total                          3

Select jobs to execute...

[Thu Apr 23 17:39:52 2026]
rule extract_locus:
    input: inputs/Asian.tsv, inputs/loci.txt, resources/refpanel/g1000_eas.bed, resources/refpanel/g1000_eas.bim, resources/refpanel/g1000_eas.fam
    output: results/asian/01_extract/ARID3A/extracted.tsv, results/asian/01_extract/ARID3A/diagnostics.json, results/asian/01_extract/ARID3A/refpanel.bed, results/asian/01_extract/ARID3A/refpanel.bim, results/asian/01_extract/ARID3A/refpanel.fam, results/asian/01_extract/ARID3A/refpanel.afreq, results/asian/01_extract/ARID3A/refpanel_diagnostics.json, results/asian/01_extract/ARID3A/refpanel_extract.done, results/asian/01_extract/ARID3A/extract.done
    log: results/log/00_extract_asian_ARID3A.log
    jobid: 5
    reason: Missing output files: results/asian/01_extract/ARID3A/refpanel.bim, results/asian/01_extract/ARID3A/extracted.tsv
    wildcards: target=asian, locus=ARID3A
    resources: tmpdir=/tmp, mem_mb=32000, mem_mib=30518, time=00:30:00, cores=2

[Thu Apr 23 17:39:53 2026]
Error in rule extract_locus:
    jobid: 5
    input: inputs/Asian.tsv, inputs/loci.txt, resources/refpanel/g1000_eas.bed, resources/refpanel/g1000_eas.bim, resources/refpanel/g1000_eas.fam
    output: results/asian/01_extract/ARID3A/extracted.tsv, results/asian/01_extract/ARID3A/diagnostics.json, results/asian/01_extract/ARID3A/refpanel.bed, results/asian/01_extract/ARID3A/refpanel.bim, results/asian/01_extract/ARID3A/refpanel.fam, results/asian/01_extract/ARID3A/refpanel.afreq, results/asian/01_extract/ARID3A/refpanel_diagnostics.json, results/asian/01_extract/ARID3A/refpanel_extract.done, results/asian/01_extract/ARID3A/extract.done
    log: results/log/00_extract_asian_ARID3A.log (check log file(s) for error details)
    shell:
        
        python scripts/extract_loci.py           --gwas inputs/Asian.tsv           --loci inputs/loci.txt           --locus ARID3A           --out-tsv results/asian/01_extract/ARID3A/extracted.tsv           --diag-json results/asian/01_extract/ARID3A/diagnostics.json           --done-file results/asian/01_extract/ARID3A/extract.done                     > results/log/00_extract_asian_ARID3A.log 2>&1

                module load plink2/2.00a3.3lm
                python scripts/extract_refpanel_locus.py                     --ref-prefix resources/refpanel/g1000_eas                     --loci inputs/loci.txt                     --locus ARID3A                     --out-prefix results/asian/01_extract/ARID3A/refpanel                     --diag-json results/asian/01_extract/ARID3A/refpanel_diagnostics.json                     --done-file results/asian/01_extract/ARID3A/refpanel_extract.done                     >> results/log/00_extract_asian_ARID3A.log 2>&1
        
        (one of the commands exited with non-zero exit code; note that snakemake uses bash strict mode!)

Removing output files of failed job extract_locus since they might be corrupted:
results/asian/01_extract/ARID3A/extracted.tsv, results/asian/01_extract/ARID3A/diagnostics.json, results/asian/01_extract/ARID3A/refpanel.bed, results/asian/01_extract/ARID3A/refpanel.bim, results/asian/01_extract/ARID3A/refpanel.fam, results/asian/01_extract/ARID3A/refpanel.afreq, results/asian/01_extract/ARID3A/refpanel_diagnostics.json, results/asian/01_extract/ARID3A/refpanel_extract.done, results/asian/01_extract/ARID3A/extract.done
Shutting down, this might take some time.
Exiting because a job execution failed. Look above for error message
Complete log: .snakemake/log/2026-04-23T173949.945804.snakemake.log
