Config file configs/analysis.yml is extended by additional config specified via the command line.
Building DAG of jobs...
Using shell: /usr/bin/bash
Provided cores: 1 (use --cores to define parallelism)
Rules claiming more threads will be scaled down.
Provided resources: mem_mb=32000, mem_mib=30518, disk_mb=1000, disk_mib=954, cores=2
Select jobs to execute...

[Thu Apr 23 20:55:16 2026]
rule build_ld_matrix:
    input: results/disc/03_match/ARID3A/matched.tsv, results/disc/03_match/ARID3A/refpanel_matched.bim
    output: results/disc/05_ld_matrix/ARID3A/ld_matrix.tsv, results/disc/05_ld_matrix/ARID3A/diagnostics.json, results/disc/05_ld_matrix/ARID3A/ld_matrix.done
    log: results/log/04_ld_matrix_disc_ARID3A.log
    jobid: 0
    reason: Forced execution
    wildcards: target=disc, locus=ARID3A
    resources: mem_mb=32000, mem_mib=30518, disk_mb=1000, disk_mib=954, tmpdir=/tmp, time=00:30:00, cores=2


                module load R/4.5.1-mkl
                Rscript scripts/build_ld_matrix.R           --input-tsv results/disc/03_match/ARID3A/matched.tsv                     --ref-bim results/disc/03_match/ARID3A/refpanel_matched.bim           --out-matrix results/disc/05_ld_matrix/ARID3A/ld_matrix.tsv           --diag-json results/disc/05_ld_matrix/ARID3A/diagnostics.json           --done-file results/disc/05_ld_matrix/ARID3A/ld_matrix.done           > results/log/04_ld_matrix_disc_ARID3A.log 2>&1
        
[Thu Apr 23 20:55:33 2026]
Finished job 0.
1 of 1 steps (100%) done
