Config file configs/analysis.yml is extended by additional config specified via the command line.
Building DAG of jobs...
Using shell: /usr/bin/bash
Provided cores: 1 (use --cores to define parallelism)
Rules claiming more threads will be scaled down.
Provided resources: mem_mb=32000, mem_mib=30518, disk_mb=1000, disk_mib=954, cores=2
Select jobs to execute...

[Thu Apr 23 00:17:15 2026]
rule extract_locus:
    input: inputs/Asian.tsv, inputs/loci.txt
    output: results/asian/01_extract/ARID3A/extracted.tsv, results/asian/01_extract/ARID3A/diagnostics.json, results/asian/01_extract/ARID3A/extract.done
    log: results/log/00_extract_asian_ARID3A.log
    jobid: 0
    reason: Forced execution
    wildcards: target=asian, locus=ARID3A
    resources: mem_mb=32000, mem_mib=30518, disk_mb=1000, disk_mib=954, tmpdir=/tmp, time=00:30:00, cores=2


        python scripts/extract_loci.py           --gwas inputs/Asian.tsv           --loci inputs/loci.txt           --locus ARID3A           --out-tsv results/asian/01_extract/ARID3A/extracted.tsv           --diag-json results/asian/01_extract/ARID3A/diagnostics.json           --done-file results/asian/01_extract/ARID3A/extract.done           > results/log/00_extract_asian_ARID3A.log 2>&1
        
[Thu Apr 23 00:18:28 2026]
Error in rule extract_locus:
    jobid: 0
    input: inputs/Asian.tsv, inputs/loci.txt
    output: results/asian/01_extract/ARID3A/extracted.tsv, results/asian/01_extract/ARID3A/diagnostics.json, results/asian/01_extract/ARID3A/extract.done
    log: results/log/00_extract_asian_ARID3A.log (check log file(s) for error details)
    shell:
        
        python scripts/extract_loci.py           --gwas inputs/Asian.tsv           --loci inputs/loci.txt           --locus ARID3A           --out-tsv results/asian/01_extract/ARID3A/extracted.tsv           --diag-json results/asian/01_extract/ARID3A/diagnostics.json           --done-file results/asian/01_extract/ARID3A/extract.done           > results/log/00_extract_asian_ARID3A.log 2>&1
        
        (one of the commands exited with non-zero exit code; note that snakemake uses bash strict mode!)

Shutting down, this might take some time.
Exiting because a job execution failed. Look above for error message
