Config file configs/analysis.yml is extended by additional config specified via the command line.
Building DAG of jobs...
Using shell: /usr/bin/bash
Provided cores: 1 (use --cores to define parallelism)
Rules claiming more threads will be scaled down.
Provided resources: mem_mb=32000, mem_mib=30518, disk_mb=1229, disk_mib=1173, cores=2
Select jobs to execute...

[Thu Apr 23 02:12:28 2026]
rule extract_locus:
    input: inputs/Disc.tsv, inputs/loci.txt
    output: results/disc/01_extract/ARID3A/extracted.tsv, results/disc/01_extract/ARID3A/diagnostics.json, results/disc/01_extract/ARID3A/extract.done
    log: results/log/00_extract_disc_ARID3A.log
    jobid: 0
    reason: Forced execution
    wildcards: target=disc, locus=ARID3A
    resources: mem_mb=32000, mem_mib=30518, disk_mb=1229, disk_mib=1173, tmpdir=/tmp, time=00:30:00, cores=2


        python scripts/extract_loci.py           --gwas inputs/Disc.tsv           --loci inputs/loci.txt           --locus ARID3A           --out-tsv results/disc/01_extract/ARID3A/extracted.tsv           --diag-json results/disc/01_extract/ARID3A/diagnostics.json           --done-file results/disc/01_extract/ARID3A/extract.done           > results/log/00_extract_disc_ARID3A.log 2>&1
        
[Thu Apr 23 02:14:09 2026]
Finished job 0.
1 of 1 steps (100%) done
