Config file configs/analysis.yml is extended by additional config specified via the command line.
Building DAG of jobs...
Using shell: /usr/bin/bash
Provided cores: 1 (use --cores to define parallelism)
Rules claiming more threads will be scaled down.
Provided resources: mem_mb=32000, mem_mib=30518, disk_mb=7454, disk_mib=7109, cores=2
Select jobs to execute...

[Thu Apr 23 17:18:03 2026]
rule extract_locus:
    input: inputs/Asian.tsv, inputs/loci.txt, resources/refpanel/g1000_eas.bed, resources/refpanel/g1000_eas.bim, resources/refpanel/g1000_eas.fam
    output: results/asian/01_extract/ARID3A/extracted.tsv, results/asian/01_extract/ARID3A/diagnostics.json, results/asian/01_extract/ARID3A/refpanel.bed, results/asian/01_extract/ARID3A/refpanel.bim, results/asian/01_extract/ARID3A/refpanel.fam, results/asian/01_extract/ARID3A/refpanel.afreq, results/asian/01_extract/ARID3A/refpanel_diagnostics.json, results/asian/01_extract/ARID3A/refpanel_extract.done, results/asian/01_extract/ARID3A/extract.done
    log: results/log/00_extract_asian_ARID3A.log
    jobid: 0
    reason: Forced execution
    wildcards: target=asian, locus=ARID3A
    resources: mem_mb=32000, mem_mib=30518, disk_mb=7454, disk_mib=7109, tmpdir=/tmp, time=00:30:00, cores=2


        python scripts/extract_loci.py           --gwas inputs/Asian.tsv           --loci inputs/loci.txt           --locus ARID3A           --out-tsv results/asian/01_extract/ARID3A/extracted.tsv           --diag-json results/asian/01_extract/ARID3A/diagnostics.json           --done-file results/asian/01_extract/ARID3A/extract.done                     > results/log/00_extract_asian_ARID3A.log 2>&1

                module load plink2/2.00a3.3lm
                python scripts/extract_refpanel_locus.py                     --ref-prefix resources/refpanel/g1000_eas                     --loci inputs/loci.txt                     --locus ARID3A                     --out-prefix results/asian/01_extract/ARID3A/refpanel                     --diag-json results/asian/01_extract/ARID3A/refpanel_diagnostics.json                     --done-file results/asian/01_extract/ARID3A/refpanel_extract.done                     >> results/log/00_extract_asian_ARID3A.log 2>&1
        
[Thu Apr 23 17:19:16 2026]
Finished job 0.
1 of 1 steps (100%) done
