Config file configs/analysis.yml is extended by additional config specified via the command line.
Building DAG of jobs...
Using shell: /usr/bin/bash
Provided cores: 1 (use --cores to define parallelism)
Rules claiming more threads will be scaled down.
Provided resources: mem_mb=32000, mem_mib=30518, disk_mb=1237, disk_mib=1180, cores=2
Select jobs to execute...

[Thu Apr 23 00:40:28 2026]
rule filter_and_match_snps:
    input: results/asian/02_harmonize/ARID3A/harmonized.tsv, resources/refpanel/g1000_eas.bim
    output: results/asian/03_match/ARID3A/matched.tsv, results/asian/03_match/ARID3A/diagnostics.json, results/asian/03_match/ARID3A/match.done
    log: results/log/02_match_asian_ARID3A.log
    jobid: 0
    reason: Forced execution
    wildcards: target=asian, locus=ARID3A
    resources: mem_mb=32000, mem_mib=30518, disk_mb=1237, disk_mib=1180, tmpdir=/tmp, time=00:30:00, cores=2


        python scripts/filter_and_match_snps.py           --harmonized results/asian/02_harmonize/ARID3A/harmonized.tsv           --ref-prefix resources/refpanel/g1000_eas           --maf-min 0.01           --out-tsv results/asian/03_match/ARID3A/matched.tsv           --diag-json results/asian/03_match/ARID3A/diagnostics.json           --done-file results/asian/03_match/ARID3A/match.done           > results/log/02_match_asian_ARID3A.log 2>&1
        
[Thu Apr 23 00:40:44 2026]
Finished job 0.
1 of 1 steps (100%) done
