Config file configs/analysis.yml is extended by additional config specified via the command line.
Building DAG of jobs...
Using shell: /usr/bin/bash
Provided cores: 1 (use --cores to define parallelism)
Rules claiming more threads will be scaled down.
Provided resources: mem_mb=32000, mem_mib=30518, disk_mb=1000, disk_mib=954, cores=2
Select jobs to execute...

[Thu Apr 23 17:50:45 2026]
rule filter_and_match_snps:
    input: results/disc/02_harmonize/ARID3A/harmonized.tsv, results/disc/01_extract/ARID3A/refpanel.bed, results/disc/01_extract/ARID3A/refpanel.bim, results/disc/01_extract/ARID3A/refpanel.fam
    output: results/disc/03_match/ARID3A/matched.tsv, results/disc/03_match/ARID3A/matched.snplist, results/disc/03_match/ARID3A/refpanel_matched.bed, results/disc/03_match/ARID3A/refpanel_matched.bim, results/disc/03_match/ARID3A/refpanel_matched.fam, results/disc/03_match/ARID3A/refpanel_matched.afreq, results/disc/03_match/ARID3A/diagnostics.json, results/disc/03_match/ARID3A/match.done
    log: results/log/02_match_disc_ARID3A.log
    jobid: 0
    reason: Forced execution
    wildcards: target=disc, locus=ARID3A
    resources: mem_mb=32000, mem_mib=30518, disk_mb=1000, disk_mib=954, tmpdir=/tmp, time=00:30:00, cores=2


        python scripts/filter_and_match_snps.py           --harmonized results/disc/02_harmonize/ARID3A/harmonized.tsv           --ref-prefix results/disc/01_extract/ARID3A/refpanel           --maf-min 0.01           --out-tsv results/disc/03_match/ARID3A/matched.tsv                     --out-snplist results/disc/03_match/ARID3A/matched.snplist           --diag-json results/disc/03_match/ARID3A/diagnostics.json           --done-file results/disc/03_match/ARID3A/match.done           > results/log/02_match_disc_ARID3A.log 2>&1

                module load plink2/2.00a3.3lm
                plink2                     --bfile results/disc/01_extract/ARID3A/refpanel                     --extract results/disc/03_match/ARID3A/matched.snplist                     --make-bed                     --out results/disc/03_match/ARID3A/refpanel_matched                     >> results/log/02_match_disc_ARID3A.log 2>&1

                plink2                     --bfile results/disc/03_match/ARID3A/refpanel_matched                     --freq                     --out results/disc/03_match/ARID3A/refpanel_matched                     >> results/log/02_match_disc_ARID3A.log 2>&1
        
[Thu Apr 23 17:50:47 2026]
Finished job 0.
1 of 1 steps (100%) done
