Config file configs/analysis.yml is extended by additional config specified via the command line.
Building DAG of jobs...
Using shell: /usr/bin/bash
Provided cores: 1 (use --cores to define parallelism)
Rules claiming more threads will be scaled down.
Provided resources: mem_mb=32000, mem_mib=30518, disk_mb=1000, disk_mib=954, cores=2
Select jobs to execute...

[Thu Apr 23 15:19:06 2026]
rule ldscore_diagnostics:
    input: results/disc/03_match/ARID3A/matched.tsv
    output: results/disc/04_ldscore_plot/ARID3A/ldscore_vs_p.png, results/disc/04_ldscore_plot/ARID3A/correlation.tsv, results/disc/04_ldscore_plot/ARID3A/ldscore_plot.done
    log: results/log/03_ldscore_plot_disc_ARID3A.log
    jobid: 0
    reason: Forced execution
    wildcards: target=disc, locus=ARID3A
    resources: mem_mb=32000, mem_mib=30518, disk_mb=1000, disk_mib=954, tmpdir=/tmp, time=00:30:00, cores=2


        module load R/4.5.1-mkl
        Rscript scripts/plot_ldscore_vs_p.R           --input-tsv results/disc/03_match/ARID3A/matched.tsv           --plot-png results/disc/04_ldscore_plot/ARID3A/ldscore_vs_p.png           --diag-tsv results/disc/04_ldscore_plot/ARID3A/correlation.tsv           --done-file results/disc/04_ldscore_plot/ARID3A/ldscore_plot.done           --require-correlation true           --min-correlation 0.05           > results/log/03_ldscore_plot_disc_ARID3A.log 2>&1
        
[Thu Apr 23 15:19:09 2026]
Error in rule ldscore_diagnostics:
    jobid: 0
    input: results/disc/03_match/ARID3A/matched.tsv
    output: results/disc/04_ldscore_plot/ARID3A/ldscore_vs_p.png, results/disc/04_ldscore_plot/ARID3A/correlation.tsv, results/disc/04_ldscore_plot/ARID3A/ldscore_plot.done
    log: results/log/03_ldscore_plot_disc_ARID3A.log (check log file(s) for error details)
    shell:
        
        module load R/4.5.1-mkl
        Rscript scripts/plot_ldscore_vs_p.R           --input-tsv results/disc/03_match/ARID3A/matched.tsv           --plot-png results/disc/04_ldscore_plot/ARID3A/ldscore_vs_p.png           --diag-tsv results/disc/04_ldscore_plot/ARID3A/correlation.tsv           --done-file results/disc/04_ldscore_plot/ARID3A/ldscore_plot.done           --require-correlation true           --min-correlation 0.05           > results/log/03_ldscore_plot_disc_ARID3A.log 2>&1
        
        (one of the commands exited with non-zero exit code; note that snakemake uses bash strict mode!)

Removing output files of failed job ldscore_diagnostics since they might be corrupted:
results/disc/04_ldscore_plot/ARID3A/ldscore_vs_p.png, results/disc/04_ldscore_plot/ARID3A/correlation.tsv
Shutting down, this might take some time.
Exiting because a job execution failed. Look above for error message
