Config file configs/analysis.yml is extended by additional config specified via the command line.
Building DAG of jobs...
Using shell: /usr/bin/bash
Provided cores: 1 (use --cores to define parallelism)
Rules claiming more threads will be scaled down.
Provided resources: mem_mb=32000, mem_mib=30518, disk_mb=1000, disk_mib=954, cores=2
Select jobs to execute...

[Thu Apr 23 20:59:40 2026]
rule run_cojo_iterative_gcta:
    input: results/disc/03_match/ARID3A/matched.tsv, results/disc/03_match/ARID3A/refpanel_matched.bed, results/disc/03_match/ARID3A/refpanel_matched.bim, results/disc/03_match/ARID3A/refpanel_matched.fam
    output: results/disc/09_cojo_gcta/ARID3A/cojo_independent_signals.tsv, results/disc/09_cojo_gcta/ARID3A/diagnostics.json, results/disc/09_cojo_gcta/ARID3A/cojo.done
    log: results/log/08b_cojo_gcta_disc_ARID3A.log
    jobid: 0
    reason: Forced execution
    wildcards: target=disc, locus=ARID3A
    resources: mem_mb=32000, mem_mib=30518, disk_mb=1000, disk_mib=954, tmpdir=/tmp, time=00:30:00, cores=2


        module load gcta
        module load R/4.5.1-mkl
        Rscript scripts/run_cojo_iterative_gcta.R           --input-tsv results/disc/03_match/ARID3A/matched.tsv           --bfile-prefix results/disc/03_match/ARID3A/refpanel_matched           --out-tsv results/disc/09_cojo_gcta/ARID3A/cojo_independent_signals.tsv           --diag-json results/disc/09_cojo_gcta/ARID3A/diagnostics.json           --done-file results/disc/09_cojo_gcta/ARID3A/cojo.done           --sample-size 85987           --p-cutoff 5e-08           --max-iterations 25           --plot-dir results/disc/09_cojo_gcta/ARID3A/iterations           --gcta-bin gcta           > results/log/08b_cojo_gcta_disc_ARID3A.log 2>&1
        
[Thu Apr 23 20:59:44 2026]
Finished job 0.
1 of 1 steps (100%) done
